        -:    0:Source:testa_conta_palavra.cpp
        -:    0:Graph:testa_conta_palavra.gcno
        -:    0:Data:testa_conta_palavra.gcda
        -:    0:Runs:1
        -:    1:// Copyright 2024 Henrique Givisiez dos Santos
        -:    2:#define CATCH_CONFIG_MAIN
        -:    3:#include <string>
        -:    4:#include "./catch.hpp"
        -:    5:#include "./conta_palavra.h"
        -:    6:
        1:    7:TEST_CASE("Conta palavra", "[single-file]") {
        1:    8:    char* teste1 = ContaPalavra("./arquivos teste/teste1.txt");
        2:    9:    std::string result1(teste1);
        1:   10:    free(teste1);
       1*:   11:    REQUIRE(result1 == "é,1,Este,1,o,1,que,1,será,1,texto,2,utilizado,1");
        -:   12:
        1:   13:    char* teste2 = ContaPalavra("./arquivos teste/teste2.txt");
        2:   14:    std::string result2(teste2);
        1:   15:    free(teste2);
       1*:   16:    REQUIRE(result2 == "é,1,Este,1,o,1,que,1,será,1,texto,2,utilizado,1");
        -:   17:
        1:   18:    char* teste3 = ContaPalavra("./arquivos teste/teste3.txt");
        2:   19:    std::string result3(teste3);
        1:   20:    free(teste3);
       1*:   21:    REQUIRE(result3 == "arquivo,2,belo,2,olha,2,que,2");
        -:   22:
        1:   23:    char* teste4 = ContaPalavra("./arquivos teste/teste4.txt");
        2:   24:    std::string result4(teste4);
        1:   25:    free(teste4);
       1*:   26:    REQUIRE(result4 == "a,3,A,1,e,1,E,1");
        -:   27:
        1:   28:    char* teste5 = ContaPalavra("./arquivos teste/teste5.txt");
        2:   29:    std::string result5(teste5);
        1:   30:    free(teste5);
       1*:   31:    REQUIRE(result5 == "a,24,b,24,c,24,d,24");
        1:   32:}
